<?xml version="1.0" encoding="UTF-8"?>
<!-- Generated by org.testng.reporters.JUnitReportReporter -->
<testsuite skipped="0" hostname="Amit-PC" name="smoke.test.SearchItemTest" tests="3" failures="0" timestamp="29 Dec 2021 13:21:40 GMT" time="102.210" errors="0">
  <testcase name="SearchValueOne" time="54.427" classname="smoke.test.SearchItemTest"/>
  <testcase name="SearchValueTwo" time="27.866" classname="smoke.test.SearchItemTest"/>
  <testcase name="hitGetMethod" time="19.917" classname="smoke.test.SearchItemTest"/>
</testsuite> <!-- smoke.test.SearchItemTest -->
