<?xml version="1.0" encoding="UTF-8"?>
<!-- Generated by org.testng.reporters.JUnitReportReporter -->
<testsuite skipped="0" hostname="Amit-PC" name="smoke.test.SearchTest" tests="3" failures="0" timestamp="29 Dec 2021 13:21:40 GMT" time="102.618" errors="0">
  <testcase name="SearchValueTwo" time="45.688" classname="smoke.test.SearchTest"/>
  <testcase name="SearchValueOne" time="49.596" classname="smoke.test.SearchTest"/>
  <testcase name="hitGetMethod" time="7.334" classname="smoke.test.SearchTest"/>
</testsuite> <!-- smoke.test.SearchTest -->
