<?xml version="1.0" encoding="UTF-8"?>
<!-- Generated by org.testng.reporters.JUnitReportReporter -->
<testsuite skipped="0" hostname="Amit-PC" name="smoke.test.SearchvalueTest" tests="3" failures="0" timestamp="29 Dec 2021 11:25:45 GMT" time="80.920" errors="0">
  <testcase name="SearchValueTwo" time="24.348" classname="smoke.test.SearchvalueTest"/>
  <testcase name="hitGetMethod" time="19.830" classname="smoke.test.SearchvalueTest"/>
  <testcase name="SearchValueOne" time="36.742" classname="smoke.test.SearchvalueTest"/>
</testsuite> <!-- smoke.test.SearchvalueTest -->
