<?xml version="1.0" encoding="UTF-8"?>
<!-- Generated by org.testng.reporters.JUnitReportReporter -->
<testsuite skipped="0" hostname="Amit-PC" name="smoke.test.SearchItemTest" tests="3" failures="0" timestamp="29 Dec 2021 11:25:45 GMT" time="80.828" errors="0">
  <testcase name="SearchValueOne" time="28.682" classname="smoke.test.SearchItemTest"/>
  <testcase name="SearchValueTwo" time="26.596" classname="smoke.test.SearchItemTest"/>
  <testcase name="hitGetMethod" time="25.550" classname="smoke.test.SearchItemTest"/>
</testsuite> <!-- smoke.test.SearchItemTest -->
