<?xml version="1.0" encoding="UTF-8"?>
<!-- Generated by org.testng.reporters.JUnitReportReporter -->
<testsuite skipped="0" hostname="Amit-PC" name="smoke.test.SearchTest" tests="3" failures="0" timestamp="29 Dec 2021 11:25:45 GMT" time="80.921" errors="0">
  <testcase name="hitGetMethod" time="25.604" classname="smoke.test.SearchTest"/>
  <testcase name="SearchValueOne" time="26.678" classname="smoke.test.SearchTest"/>
  <testcase name="SearchValueTwo" time="28.639" classname="smoke.test.SearchTest"/>
</testsuite> <!-- smoke.test.SearchTest -->
