<?xml version="1.0" encoding="UTF-8"?>
<!-- Generated by org.testng.reporters.JUnitReportReporter -->
<testsuite skipped="0" hostname="Amit-PC" name="smoke.test.SearchvalueTest" tests="3" failures="0" timestamp="17 Jan 2022 04:09:44 GMT" time="89.444" errors="0">
  <testcase name="SearchValueTwo" time="31.643" classname="smoke.test.SearchvalueTest"/>
  <testcase name="hitGetMethod" time="14.183" classname="smoke.test.SearchvalueTest"/>
  <testcase name="SearchValueOne" time="43.618" classname="smoke.test.SearchvalueTest"/>
</testsuite> <!-- smoke.test.SearchvalueTest -->
