<?xml version="1.0" encoding="UTF-8"?>
<!-- Generated by org.testng.reporters.JUnitReportReporter -->
<testsuite skipped="0" hostname="Amit-PC" name="smoke.test.SearchvalueTest" tests="3" failures="0" timestamp="29 Dec 2021 13:21:40 GMT" time="102.659" errors="0">
  <testcase name="SearchValueOne" time="54.895" classname="smoke.test.SearchvalueTest"/>
  <testcase name="SearchValueTwo" time="26.091" classname="smoke.test.SearchvalueTest"/>
  <testcase name="hitGetMethod" time="21.673" classname="smoke.test.SearchvalueTest"/>
</testsuite> <!-- smoke.test.SearchvalueTest -->
