<?xml version="1.0" encoding="UTF-8"?>
<!-- Generated by org.testng.reporters.JUnitReportReporter -->
<testsuite skipped="0" hostname="Amit-PC" name="smoke.test.SearchTest" tests="3" failures="0" timestamp="17 Jan 2022 04:09:44 GMT" time="89.668" errors="0">
  <testcase name="SearchValueOne" time="42.067" classname="smoke.test.SearchTest"/>
  <testcase name="SearchValueTwo" time="33.204" classname="smoke.test.SearchTest"/>
  <testcase name="hitGetMethod" time="14.397" classname="smoke.test.SearchTest"/>
</testsuite> <!-- smoke.test.SearchTest -->
