<?xml version="1.0" encoding="UTF-8"?>
<!-- Generated by org.testng.reporters.JUnitReportReporter -->
<testsuite skipped="0" hostname="Amit-PC" name="smoke.test.SearchItemTest" tests="3" failures="0" timestamp="17 Jan 2022 04:09:44 GMT" time="87.860" errors="0">
  <testcase name="SearchValueOne" time="42.723" classname="smoke.test.SearchItemTest"/>
  <testcase name="SearchValueTwo" time="30.155" classname="smoke.test.SearchItemTest"/>
  <testcase name="hitGetMethod" time="14.982" classname="smoke.test.SearchItemTest"/>
</testsuite> <!-- smoke.test.SearchItemTest -->
