<?xml version="1.0" encoding="UTF-8"?>
<!-- Generated by org.testng.reporters.JUnitReportReporter -->
<testsuite skipped="0" hostname="Amit-PC" name="smoke.test.SearchDataTest" tests="3" failures="0" timestamp="17 Jan 2022 04:09:44 GMT" time="89.475" errors="0">
  <testcase name="hitGetMethod" time="17.613" classname="smoke.test.SearchDataTest"/>
  <testcase name="SearchValueTwo" time="30.452" classname="smoke.test.SearchDataTest"/>
  <testcase name="SearchValueOne" time="41.410" classname="smoke.test.SearchDataTest"/>
</testsuite> <!-- smoke.test.SearchDataTest -->
